This is pdfTeX, Version 3.141592653-2.6-1.40.23 (TeX Live 2021/W32TeX) (preloaded format=pdflatex 2021.12.9)  10 DEC 2021 14:17
entering extended mode
 restricted \write18 enabled.
 file:line:error style messages enabled.
 %&-line parsing enabled.
**milestone1.tex
(./milestone1.tex
LaTeX2e <2021-11-15> patch level 1
L3 programming layer <2021-11-22> (./custard.cls
Document Class: custard 2011/01/21 the Completely Unofficial Swansea Theses And Related Documents class
(c:/texlive/2021/texmf-dist/tex/latex/memoir/memoir.cls
Document Class: memoir 2021/06/16 v3.7p configurable book, report, article document class
\onelineskip=\skip47
\lxvchars=\skip48
\xlvchars=\skip49
\@memcnta=\count183
\c@@memmarkcntra=\count184
(c:/texlive/2021/texmf-dist/tex/generic/iftex/iftex.sty
Package: iftex 2020/03/06 v1.0d TeX engine tests
)
\stockheight=\skip50
\stockwidth=\skip51
\trimtop=\skip52
\trimedge=\skip53
 (c:/texlive/2021/texmf-dist/tex/latex/memoir/mem11.clo
File: mem11.clo 2008/01/30 v0.3 memoir class 11pt size option
)
\binding=\skip54
\spinemargin=\skip55
\foremargin=\skip56
\uppermargin=\skip57
\lowermargin=\skip58
\headdrop=\skip59
\normalrulethickness=\skip60
\mem@maxheadheight=\skip61
\mem@maxfootheight=\skip62
\headwidth=\skip63
\c@storedpagenumber=\count185
\memPD=\dimen138
\m@mabparskip=\skip64
\thanksmarkwidth=\skip65
\thanksmarksep=\skip66
\droptitle=\skip67
\c@book=\count186
\c@part=\count187
\c@chapter=\count188
\c@section=\count189
\c@subsection=\count190
\c@subsubsection=\count191
\c@paragraph=\count192
\c@subparagraph=\count193
\beforechapskip=\skip68
\midchapskip=\skip69
\afterchapskip=\skip70
\chapindent=\skip71
\bottomsectionskip=\skip72
\secindent=\skip73
\beforesecskip=\skip74
\aftersecskip=\skip75
\subsecindent=\skip76
\beforesubsecskip=\skip77
\aftersubsecskip=\skip78
\subsubsecindent=\skip79
\beforesubsubsecskip=\skip80
\aftersubsubsecskip=\skip81
\paraindent=\skip82
\beforeparaskip=\skip83
\afterparaskip=\skip84
\subparaindent=\skip85
\beforesubparaskip=\skip86
\aftersubparaskip=\skip87
\pfbreakskip=\skip88
\c@@ppsavesec=\count194
\c@@ppsaveapp=\count195
\ragrparindent=\dimen139
\everylistparindent=\dimen140
\parsepi=\skip89
\topsepi=\skip90
\itemsepi=\skip91
\parsepii=\skip92
\topsepii=\skip93
\topsepiii=\skip94
\itemsepii=\skip95
\itemsepiii=\skip96
\partopsepii=\skip97
\partopsepiii=\skip98
\m@msavetopsep=\skip99
\m@msavepartopsep=\skip100
\@enLab=\toks16
\abstitleskip=\skip101
\absleftindent=\skip102
\abs@leftindent=\dimen141
\absrightindent=\skip103
\absparindent=\skip104
\absparsep=\skip105
\c@vslineno=\count196
\c@poemline=\count197
\c@modulo@vs=\count198
\c@memfvsline=\count199
\vleftskip=\skip106
\vrightskip=\skip107
\stanzaskip=\skip108
\versewidth=\skip109
\vgap=\skip110
\vindent=\skip111
\vleftmargin=\dimen142
\c@verse=\count266
\c@chrsinstr=\count267
\beforepoemtitleskip=\skip112
\afterpoemtitleskip=\skip113
\c@poem=\count268
\beforePoemTitleskip=\skip114
\midPoemTitleskip=\skip115
\afterPoemTitleskip=\skip116
 (c:/texlive/2021/texmf-dist/tex/latex/tools/array.sty
Package: array 2021/10/04 v2.5f Tabular extension package (FMi)
\col@sep=\dimen143
\ar@mcellbox=\box50
\extrarowheight=\dimen144
\NC@list=\toks17
\extratabsurround=\skip117
\backup@length=\skip118
\ar@cellbox=\box51
) (c:/texlive/2021/texmf-dist/tex/latex/tools/dcolumn.sty
Package: dcolumn 2014/10/28 v1.06 decimal alignment package (DPC)
) (c:/texlive/2021/texmf-dist/tex/latex/tools/delarray.sty
Package: delarray 2014/10/28 v1.01 array delimiter package (DPC)
) (c:/texlive/2021/texmf-dist/tex/latex/tools/tabularx.sty
Package: tabularx 2020/01/15 v2.11c `tabularx' package (DPC)
\TX@col@width=\dimen145
\TX@old@table=\dimen146
\TX@old@col=\dimen147
\TX@target=\dimen148
\TX@delta=\dimen149
\TX@cols=\count269
\TX@ftn=\toks18
)
\heavyrulewidth=\dimen150
\lightrulewidth=\dimen151
\cmidrulewidth=\dimen152
\belowrulesep=\dimen153
\belowbottomsep=\dimen154
\aboverulesep=\dimen155
\abovetopsep=\dimen156
\cmidrulesep=\dimen157
\cmidrulekern=\dimen158
\defaultaddspace=\dimen159
\@cmidla=\count270
\@cmidlb=\count271
\@aboverulesep=\dimen160
\@belowrulesep=\dimen161
\@thisruleclass=\count272
\@lastruleclass=\count273
\@thisrulewidth=\dimen162
\ctableftskip=\skip119
\ctabrightskip=\skip120
\abovecolumnspenalty=\count274
\@linestogo=\count275
\@cellstogo=\count276
\@cellsincolumn=\count277
\crtok=\toks19
\@mincolumnwidth=\dimen163
\c@newflo@tctr=\count278
\mem@margin@floatbox=\box52
\@contcwidth=\skip121
\@contindw=\skip122
\abovecaptionskip=\skip123
\belowcaptionskip=\skip124
\subfloattopskip=\skip125
\subfloatcapskip=\skip126
\subfloatcaptopadj=\skip127
\subfloatbottomskip=\skip128
\subfloatlabelskip=\skip129
\subfloatcapmargin=\dimen164
\c@@contsubnum=\count279
\m@mscap@capbox=\box53
\m@mscap@fbox=\box54
\sidecapsep=\dimen165
\sidecapwidth=\dimen166
\m@m@tempdima=\dimen167
\m@mscapraise=\dimen168
\sidecapraise=\dimen169
\m@mscapmainwidth=\dimen170
\m@mscaplkern=\dimen171
\beforeepigraphskip=\skip130
\afterepigraphskip=\skip131
\epigraphwidth=\skip132
\epigraphrule=\skip133
LaTeX Info: Redefining \em on input line 7654.
LaTeX Info: Redefining \emph on input line 7662.
\tocentryskip=\skip134
\tocbaseline=\skip135
\cftparskip=\skip136
\cftbeforebookskip=\skip137
\cftbookindent=\dimen172
\cftbooknumwidth=\dimen173
\cftbeforepartskip=\skip138
\cftpartindent=\skip139
\cftpartnumwidth=\skip140
\cftbeforechapterskip=\skip141
\cftchapterindent=\skip142
\cftchapternumwidth=\skip143
\cftbeforesectionskip=\skip144
\cftsectionindent=\skip145
\cftsectionnumwidth=\skip146
\cftbeforesubsectionskip=\skip147
\cftsubsectionindent=\skip148
\cftsubsectionnumwidth=\skip149
\cftbeforesubsubsectionskip=\skip150
\cftsubsubsectionindent=\skip151
\cftsubsubsectionnumwidth=\skip152
\cftbeforeparagraphskip=\skip153
\cftparagraphindent=\skip154
\cftparagraphnumwidth=\skip155
\cftbeforesubparagraphskip=\skip156
\cftsubparagraphindent=\skip157
\cftsubparagraphnumwidth=\skip158
\prechapterprecisshift=\dimen174
\c@maxsecnumdepth=\count280
\bibindent=\dimen175
\bibitemsep=\skip159
\indexcolsep=\skip160
\indexrule=\skip161
\indexmarkstyle=\toks20
\@indexbox=\insert252
\glossarycolsep=\dimen176
\glossaryrule=\dimen177
\sideparvshift=\skip162
\sideins=\insert251
\sidebartopsep=\skip163
\sidebarhsep=\skip164
\sidebarvsep=\skip165
\sidebarwidth=\skip166
\footmarkwidth=\skip167
\footmarksep=\skip168
\footparindent=\skip169
\footinsdim=\skip170
\footinsv@r=\insert250
\@mpfootinsv@r=\insert249
\m@m@k=\count281
\m@m@h=\dimen178
\m@mipn@skip=\skip171
\sidefootins=\insert248
\sidefootadjust=\skip172
\sidefootheight=\skip173
\sidefoothsep=\skip174
\sidefootvsep=\skip175
\sidefootwidth=\skip176
\m@mdownsf=\skip177
\c@sidefootnote=\count282
\sidefootmarkwidth=\skip178
\sidefootmarksep=\skip179
\sidefootparindent=\skip180
\c@pagenote=\count283
\c@pagenoteshadow=\count284
\mem@pn@lastkern=\skip181
\every@verbatim=\toks21
\afterevery@verbatim=\toks22
\verbatim@line=\toks23
\tab@position=\count285
\verbatim@in@stream=\read2
\verbatimindent=\skip182
\verbatim@out=\write3
\bvboxsep=\skip183
\c@memfbvline=\count286
\c@bvlinectr=\count287
\bvnumlength=\skip184
\fb@frw=\dimen179
\fb@frh=\dimen180
\FrameRule=\dimen181
\FrameSep=\dimen182


LaTeX hooks Warning: Generic hook 'package/before/framed' is deprecated.
(hooks)              Use hook 'package/framed/before' instead.

\c@cp@cntr=\count288
\c@ism@mctr=\count289
\c@xsm@mctr=\count290
\c@csm@mctr=\count291
\c@ksm@mctr=\count292
\c@xksm@mctr=\count293
\c@cksm@mctr=\count294
\c@msm@mctr=\count295
\c@xmsm@mctr=\count296
\c@cmsm@mctr=\count297
\c@bsm@mctr=\count298
\c@workm@mctr=\count299
\c@sheetsequence=\count300
\c@lastsheet=\count301
\c@lastpage=\count302
(c:/texlive/2021/texmf-dist/tex/latex/textcase/textcase.sty
Package: textcase 2019/09/14 v1.00 Text only upper/lower case changing (DPC)
)
\c@figure=\count303
\c@lofdepth=\count304
\cftbeforefigureskip=\skip185
\cftfigureindent=\skip186
\cftfigurenumwidth=\skip187
\c@table=\count305
\c@lotdepth=\count306
\cftbeforetableskip=\skip188
\cfttableindent=\skip189
\cfttablenumwidth=\skip190
Package abstract [2008/07/23] emulated by memoir.
Package appendix [2008/07/23] emulated by memoir.
Package booktabs [2016/05/16] emulated by memoir.
Package ccaption [2008/07/23] emulated by memoir.
Package changepage [2008/07/23] emulated by memoir.
Package chngcntr [2008/07/23] emulated by memoir.
Package chngpage [2008/07/23] emulated by memoir.
Package crop emulated by memoir.
Package enumerate [2008/07/23] emulated by memoir.
Package epigraph [2008/07/23] emulated by memoir.
Package ifmtarg [2008/07/23] emulated by memoir.
Package index [2008/07/23] emulated by memoir.
Package makeidx [2008/07/23] emulated by memoir.
Package moreverb [2008/07/23] emulated by memoir.
Package needspace [2008/07/23] emulated by memoir.
Package newfile [2008/07/23] emulated by memoir.
Package nextpage [2008/07/23] emulated by memoir.
Package pagenote [2008/07/23] emulated by memoir.
Package parskip [2008/07/23] emulated by memoir.
Package patchcmd [2008/07/23] emulated by memoir.
Package setspace [2008/07/23] emulated by memoir.
Package shortvrb [2008/07/23] emulated by memoir.
Package showidx [2008/07/23] emulated by memoir.
Package titleref [2008/07/23] emulated by memoir.
Package titling [2008/07/23] emulated by memoir.
Package tocbibind [2008/07/23] emulated by memoir.
Package tocloft [2008/07/23] emulated by memoir.
Package tocvsec2 [2008/07/23] emulated by memoir.
Package verbatim [2008/07/23] emulated by memoir.
Package verse [2008/07/23] emulated by memoir.


LaTeX hooks Warning: Generic hook 'package/before/float' is deprecated.
(hooks)              Use hook 'package/float/before' instead.

) (c:/texlive/2021/texmf-dist/tex/latex/psnfss/mathptmx.sty
Package: mathptmx 2020/03/25 PSNFSS-v9.3 Times w/ Math, improved (SPQR, WaS) 
LaTeX Font Info:    Redeclaring symbol font `operators' on input line 28.
LaTeX Font Info:    Overwriting symbol font `operators' in version `normal'
(Font)                  OT1/cmr/m/n --> OT1/ztmcm/m/n on input line 28.
LaTeX Font Info:    Overwriting symbol font `operators' in version `bold'
(Font)                  OT1/cmr/bx/n --> OT1/ztmcm/m/n on input line 28.
LaTeX Font Info:    Redeclaring symbol font `letters' on input line 29.
LaTeX Font Info:    Overwriting symbol font `letters' in version `normal'
(Font)                  OML/cmm/m/it --> OML/ztmcm/m/it on input line 29.
LaTeX Font Info:    Overwriting symbol font `letters' in version `bold'
(Font)                  OML/cmm/b/it --> OML/ztmcm/m/it on input line 29.
LaTeX Font Info:    Redeclaring symbol font `symbols' on input line 30.
LaTeX Font Info:    Overwriting symbol font `symbols' in version `normal'
(Font)                  OMS/cmsy/m/n --> OMS/ztmcm/m/n on input line 30.
LaTeX Font Info:    Overwriting symbol font `symbols' in version `bold'
(Font)                  OMS/cmsy/b/n --> OMS/ztmcm/m/n on input line 30.
LaTeX Font Info:    Redeclaring symbol font `largesymbols' on input line 31.
LaTeX Font Info:    Overwriting symbol font `largesymbols' in version `normal'
(Font)                  OMX/cmex/m/n --> OMX/ztmcm/m/n on input line 31.
LaTeX Font Info:    Overwriting symbol font `largesymbols' in version `bold'
(Font)                  OMX/cmex/m/n --> OMX/ztmcm/m/n on input line 31.
\symbold=\mathgroup4
\symitalic=\mathgroup5
LaTeX Font Info:    Redeclaring math alphabet \mathbf on input line 34.
LaTeX Font Info:    Overwriting math alphabet `\mathbf' in version `normal'
(Font)                  OT1/cmr/bx/n --> OT1/ptm/bx/n on input line 34.
LaTeX Font Info:    Overwriting math alphabet `\mathbf' in version `bold'
(Font)                  OT1/cmr/bx/n --> OT1/ptm/bx/n on input line 34.
LaTeX Font Info:    Redeclaring math alphabet \mathit on input line 35.
LaTeX Font Info:    Overwriting math alphabet `\mathit' in version `normal'
(Font)                  OT1/cmr/m/it --> OT1/ptm/m/it on input line 35.
LaTeX Font Info:    Overwriting math alphabet `\mathit' in version `bold'
(Font)                  OT1/cmr/bx/it --> OT1/ptm/m/it on input line 35.
LaTeX Info: Redefining \hbar on input line 50.
) (c:/texlive/2021/texmf-dist/tex/latex/amsmath/amsmath.sty
Package: amsmath 2021/10/15 v2.17l AMS math features
\@mathmargin=\skip191

For additional information on amsmath, use the `?' option.
(c:/texlive/2021/texmf-dist/tex/latex/amsmath/amstext.sty
Package: amstext 2021/08/26 v2.01 AMS text
 (c:/texlive/2021/texmf-dist/tex/latex/amsmath/amsgen.sty
File: amsgen.sty 1999/11/30 v2.0 generic functions
\@emptytoks=\toks24
\ex@=\dimen183
)) (c:/texlive/2021/texmf-dist/tex/latex/amsmath/amsbsy.sty
Package: amsbsy 1999/11/29 v1.2d Bold Symbols
\pmbraise@=\dimen184
) (c:/texlive/2021/texmf-dist/tex/latex/amsmath/amsopn.sty
Package: amsopn 2021/08/26 v2.02 operator names
)
\inf@bad=\count307
LaTeX Info: Redefining \frac on input line 234.
\uproot@=\count308
\leftroot@=\count309
LaTeX Info: Redefining \overline on input line 399.
\classnum@=\count310
\DOTSCASE@=\count311
LaTeX Info: Redefining \ldots on input line 496.
LaTeX Info: Redefining \dots on input line 499.
LaTeX Info: Redefining \cdots on input line 620.
\Mathstrutbox@=\box55
\strutbox@=\box56
\big@size=\dimen185
LaTeX Font Info:    Redeclaring font encoding OML on input line 743.
LaTeX Font Info:    Redeclaring font encoding OMS on input line 744.
\macc@depth=\count312
\c@MaxMatrixCols=\count313
\dotsspace@=\muskip16
\c@parentequation=\count314
\dspbrk@lvl=\count315
\tag@help=\toks25
\row@=\count316
\column@=\count317
\maxfields@=\count318
\andhelp@=\toks26
\eqnshift@=\dimen186
\alignsep@=\dimen187
\tagshift@=\dimen188
\tagwidth@=\dimen189
\totwidth@=\dimen190
\lineht@=\dimen191
\@envbody=\toks27
\multlinegap=\skip192
\multlinetaggap=\skip193
\mathdisplay@stack=\toks28
LaTeX Info: Redefining \[ on input line 2938.
LaTeX Info: Redefining \] on input line 2939.
) (c:/texlive/2021/texmf-dist/tex/latex/amsfonts/amssymb.sty
Package: amssymb 2013/01/14 v3.01 AMS font symbols
 (c:/texlive/2021/texmf-dist/tex/latex/amsfonts/amsfonts.sty
Package: amsfonts 2013/01/14 v3.01 Basic AMSFonts support
\symAMSa=\mathgroup6
\symAMSb=\mathgroup7
LaTeX Font Info:    Overwriting math alphabet `\mathfrak' in version `bold'
(Font)                  U/euf/m/n --> U/euf/b/n on input line 106.
)) (c:/texlive/2021/texmf-dist/tex/latex/amscls/amsthm.sty
Package: amsthm 2020/05/29 v2.20.6
\thm@style=\toks29
\thm@bodyfont=\toks30
\thm@headfont=\toks31
\thm@notefont=\toks32
\thm@headpunct=\toks33
\thm@preskip=\skip194
\thm@postskip=\skip195
\thm@headsep=\skip196
\dth@everypar=\toks34
) (c:/texlive/2021/texmf-dist/tex/latex/graphics/graphicx.sty
Package: graphicx 2021/09/16 v1.2d Enhanced LaTeX Graphics (DPC,SPQR)
 (c:/texlive/2021/texmf-dist/tex/latex/graphics/keyval.sty
Package: keyval 2014/10/28 v1.15 key=value parser (DPC)
\KV@toks@=\toks35
) (c:/texlive/2021/texmf-dist/tex/latex/graphics/graphics.sty
Package: graphics 2021/03/04 v1.4d Standard LaTeX Graphics (DPC,SPQR)
 (c:/texlive/2021/texmf-dist/tex/latex/graphics/trig.sty
Package: trig 2021/08/11 v1.11 sin cos tan (DPC)
) (c:/texlive/2021/texmf-dist/tex/latex/graphics-cfg/graphics.cfg
File: graphics.cfg 2016/06/04 v1.11 sample graphics configuration
)
Package graphics Info: Driver file: pdftex.def on input line 107.
 (c:/texlive/2021/texmf-dist/tex/latex/graphics-def/pdftex.def
File: pdftex.def 2020/10/05 v1.2a Graphics/color driver for pdftex
))
\Gin@req@height=\dimen192
\Gin@req@width=\dimen193
) (c:/texlive/2021/texmf-dist/tex/latex/minitoc/minitoc.sty
Package: minitoc 2018/07/12 v62 Package minitoc
 (c:/texlive/2021/texmf-dist/tex/latex/minitoc/mtcmess.sty
Package: mtcmess 2006/03/14
)
Package minitoc Info: I0001
(minitoc)             *** minitoc package, version 62 ***.
\tf@mtc=\write4
\mtcindent=\skip197
\mtcskipamount=\skip198
Package minitoc Info: I0005
(minitoc)             compatible with hyperref.
Package minitoc Info: I0030
(minitoc)             the memoir class is loaded: 
(minitoc)             compatibility attempted.
Package minitoc Info: I0027
(minitoc)             recent version of the memoir class.
Package minitoc Info: I0032
(minitoc)             This version of the memoir class uses 
(minitoc)             a version of \chapter which is 
(minitoc)             incompatible with the minitoc package. 
(minitoc)             We try to patch.
Package minitoc Info: I0023
(minitoc)             part level macros available.
Package minitoc Info: I0003
(minitoc)             chapter level macros available.
\mtc@toks=\toks36
\mtc@strutbox=\box57
\mtc@hstrutbox=\box58
Package minitoc Info: I0002
(minitoc)             Autoconfiguration of extensions.
\openout4 = `milestone1.mtc0'.

\openout4 = `milestone1.mtc'.

 (./milestone1.mtc0)
Package minitoc Info: I0012
(minitoc)             Long extensions (Unix-like) will be used.
Package minitoc Info: I0031
(minitoc)             ==> this version is configured for UNIX-like 
(minitoc)                 (long extensions) file names.
\openout4 = `milestone1.mtc'.

\openout4 = `milestone1.mtc0'.

\c@mtc=\count319
\c@minitocdepth=\count320
\c@ptc=\count321
\c@parttocdepth=\count322
\ptcindent=\skip199
Package minitoc Info: I0010
(minitoc)             The english language is selected.
(minitoc)              on input line 4910.
 (c:/texlive/2021/texmf-dist/tex/latex/minitoc/english.mld
File: english.mld 2006/01/13
)
(c:/texlive/2021/texmf-dist/tex/latex/minitoc/english.mld
File: english.mld 2006/01/13
)) (c:/texlive/2021/texmf-dist/tex/latex/xcolor/xcolor.sty
Package: xcolor 2021/10/31 v2.13 LaTeX color extensions (UK)
 (c:/texlive/2021/texmf-dist/tex/latex/graphics-cfg/color.cfg
File: color.cfg 2016/01/02 v1.6 sample color configuration
)
Package xcolor Info: Driver file: pdftex.def on input line 227.
Package xcolor Info: Model `cmy' substituted by `cmy0' on input line 1352.
Package xcolor Info: Model `hsb' substituted by `rgb' on input line 1356.
Package xcolor Info: Model `RGB' extended on input line 1368.
Package xcolor Info: Model `HTML' substituted by `rgb' on input line 1370.
Package xcolor Info: Model `Hsb' substituted by `hsb' on input line 1371.
Package xcolor Info: Model `tHsb' substituted by `hsb' on input line 1372.
Package xcolor Info: Model `HSB' substituted by `hsb' on input line 1373.
Package xcolor Info: Model `Gray' substituted by `gray' on input line 1374.
Package xcolor Info: Model `wave' substituted by `hsb' on input line 1375.
) (c:/texlive/2021/texmf-dist/tex/latex/tools/xspace.sty
Package: xspace 2014/10/28 v1.13 Space after command names (DPC,MH)
)

******************************************************
Stock height and width: 845.04684pt by 597.50787pt
Top and edge trims: 0pt and 0pt
Page height and width: 845.04684pt by 597.50787pt
Text height and width: 595.80026pt by 412pt
Spine and edge margins: 113.81102pt and 71.13188pt
Upper and lower margins: 126.74379pt and 122.50279pt
Headheight and headsep: 13.6pt and 19.8738pt
Footskip: 27.46295pt
Columnsep and columnseprule: 10pt and 0pt
Marginparsep and marginparwidth: 7pt and 57.13188pt
Sidecapsep and sidecapwidth: 7pt and 101pt
Sidebarhsep and sidebarwidth: 7pt and 101pt
Sidebarvsep and sidebartopsep: 13.6pt and 0pt
Sidebarheight: 594.32022pt
Sidefoothsep and sidefootwidth: 7pt and 101pt
Sidefootvsep and sidefootheight: 13.6pt and 594.32022pt
******************************************************

\c@theorem=\count323
) (./customisation.tex (c:/texlive/2021/texmf-dist/tex/latex/algorithm2e/algorithm2e.sty
Package: algorithm2e 2017/07/18 v5.2 algorithms environments
\c@AlgoLine=\count324
 (c:/texlive/2021/texmf-dist/tex/latex/base/ifthen.sty
Package: ifthen 2020/11/24 v1.1c Standard LaTeX ifthen package (DPC)
)
\algocf@hangindent=\skip256
 (c:/texlive/2021/texmf-dist/tex/latex/ifoddpage/ifoddpage.sty
Package: ifoddpage 2016/04/23 v1.1 Conditionals for odd/even page detection
\c@checkoddpage=\count325
LaTeX Info: Redefining \checkoddpage on input line 45.
) (c:/texlive/2021/texmf-dist/tex/latex/relsize/relsize.sty
Package: relsize 2013/03/29 ver 4.1
)
\skiptotal=\skip257
\skiplinenumber=\skip258
\skiprule=\skip259
\skiphlne=\skip260
\skiptext=\skip261
\skiplength=\skip262
\algomargin=\skip263
\skipalgocfslide=\skip264
\algowidth=\dimen194
\inoutsize=\dimen195
\inoutindent=\dimen196
\interspacetitleruled=\dimen197
\interspacealgoruled=\dimen198
\interspacetitleboxruled=\dimen199
\algocf@ruledwidth=\skip265
\algocf@inoutbox=\box59
\algocf@inputbox=\box60
\AlCapSkip=\skip266
\AlCapHSkip=\skip267
\algoskipindent=\skip268
\algocf@nlbox=\box61
\algocf@hangingbox=\box62
\algocf@untilbox=\box63
\algocf@skipuntil=\skip269
\algocf@capbox=\box64
\algocf@lcaptionbox=\skip270
\algoheightruledefault=\skip271
\algoheightrule=\skip272
\algotitleheightruledefault=\skip273
\algotitleheightrule=\skip274
\c@algocfline=\count326
\c@algocfproc=\count327
\c@algocf=\count328
\algocf@algoframe=\box65
\algocf@algobox=\box66
) (c:/texlive/2021/texmf-dist/tex/latex/diagbox/diagbox.sty
Package: diagbox 2020/02/09 v2.3 Making table heads with diagonal lines
 (c:/texlive/2021/texmf-dist/tex/latex/pict2e/pict2e.sty
Package: pict2e 2020/09/30 v0.4b Improved picture commands (HjG,RN,JT)
 (c:/texlive/2021/texmf-dist/tex/latex/pict2e/pict2e.cfg
File: pict2e.cfg 2016/02/05 v0.1u pict2e configuration for teTeX/TeXLive
)
Package pict2e Info: Driver file: pdftex.def on input line 112.
Package pict2e Info: Driver file for pict2e: p2e-pdftex.def on input line 114.
 (c:/texlive/2021/texmf-dist/tex/latex/pict2e/p2e-pdftex.def
File: p2e-pdftex.def 2016/02/05 v0.1u Driver-dependant file (RN,HjG,JT)
)
\pIIe@GRAPH=\toks37
\@arclen=\dimen256
\@arcrad=\dimen257
\pIIe@tempdima=\dimen258
\pIIe@tempdimb=\dimen259
\pIIe@tempdimc=\dimen260
\pIIe@tempdimd=\dimen261
\pIIe@tempdime=\dimen262
\pIIe@tempdimf=\dimen263
) (c:/texlive/2021/texmf-dist/tex/latex/tools/calc.sty
Package: calc 2017/05/25 v4.3 Infix arithmetic (KKT,FJ)
\calc@Acount=\count329
\calc@Bcount=\count330
\calc@Adimen=\dimen264
\calc@Bdimen=\dimen265
\calc@Askip=\skip275
\calc@Bskip=\skip276
LaTeX Info: Redefining \setlength on input line 80.
LaTeX Info: Redefining \addtolength on input line 81.
\calc@Ccount=\count331
\calc@Cskip=\skip277
)
\diagbox@boxa=\box67
\diagbox@boxb=\box68
\diagbox@boxm=\box69
\diagbox@wd=\dimen266
\diagbox@ht=\dimen267
\diagbox@insepl=\dimen268
\diagbox@insepr=\dimen269
\diagbox@outsepl=\dimen270
\diagbox@outsepr=\dimen271
) (c:/texlive/2021/texmf-dist/tex/latex/base/textcomp.sty
Package: textcomp 2020/02/02 v2.0n Standard LaTeX package
) (c:/texlive/2021/texmf-dist/tex/latex/multirow/multirow.sty
Package: multirow 2021/03/15 v2.8 Span multiple rows of a table
\multirow@colwidth=\skip278
\multirow@cntb=\count332
\multirow@dima=\skip279
\bigstrutjot=\dimen272
) (c:/texlive/2021/texmf-dist/tex/latex/tools/multicol.sty
Package: multicol 2021/10/28 v1.9b multicolumn formatting (FMi)
\c@tracingmulticols=\count333
\mult@box=\box70
\multicol@leftmargin=\dimen273
\c@unbalance=\count334
\c@collectmore=\count335
\doublecol@number=\count336
\multicoltolerance=\count337
\multicolpretolerance=\count338
\full@width=\dimen274
\page@free=\dimen275
\premulticols=\dimen276
\postmulticols=\dimen277
\multicolsep=\skip280
\multicolbaselineskip=\skip281
\partial@page=\box71
\last@line=\box72
\maxbalancingoverflow=\dimen278
\mult@rightbox=\box73
\mult@grightbox=\box74
\mult@firstbox=\box75
\mult@gfirstbox=\box76
\@tempa=\box77
\@tempa=\box78
\@tempa=\box79
\@tempa=\box80
\@tempa=\box81
\@tempa=\box82
\@tempa=\box83
\@tempa=\box84
\@tempa=\box85
\@tempa=\box86
\@tempa=\box87
\@tempa=\box88
\@tempa=\box89
\@tempa=\box90
\@tempa=\box91
\@tempa=\box92
\@tempa=\box93
\@tempa=\box94
\@tempa=\box95
\@tempa=\box96
\@tempa=\box97
\@tempa=\box98
\@tempa=\box99
\@tempa=\box100
\@tempa=\box101
\@tempa=\box102
\@tempa=\box103
\@tempa=\box104
\@tempa=\box105
\@tempa=\box106
\@tempa=\box107
\@tempa=\box108
\@tempa=\box109
\@tempa=\box110
\@tempa=\box111
\@tempa=\box112
\c@minrows=\count339
\c@columnbadness=\count340
\c@finalcolumnbadness=\count341
\last@try=\dimen279
\multicolovershoot=\dimen280
\multicolundershoot=\dimen281
\mult@nat@firstbox=\box113
\colbreak@box=\box114
\mc@col@check@num=\count342
) (c:/texlive/2021/texmf-dist/tex/latex/enumitem/enumitem.sty
Package: enumitem 2019/06/20 v3.9 Customized lists
\labelindent=\skip282
\enit@outerparindent=\dimen282
\enit@toks=\toks38
\enit@inbox=\box115
\enit@count@id=\count343
\enitdp@description=\count344
) (c:/texlive/2021/texmf-dist/tex/latex/threeparttable/threeparttable.sty
Package: threeparttable 2003/06/13  v 3.0
\@tempboxb=\box116
) (c:/texlive/2021/texmf-dist/tex/latex/graphics/epsfig.sty
Package: epsfig 2017/06/25 v1.7b (e)psfig emulation (SPQR)
\epsfxsize=\dimen283
\epsfysize=\dimen284
) (c:/texlive/2021/texmf-dist/tex/latex/epstopdf-pkg/epstopdf.sty
Package: epstopdf 2020-01-24 v2.11 Conversion with epstopdf on the fly (HO)

(c:/texlive/2021/texmf-dist/tex/generic/infwarerr/infwarerr.sty
Package: infwarerr 2019/12/03 v1.5 Providing info/warning/error messages (HO)
) (c:/texlive/2021/texmf-dist/tex/latex/grfext/grfext.sty
Package: grfext 2019/12/03 v1.3 Manage graphics extensions (HO)
 (c:/texlive/2021/texmf-dist/tex/generic/kvdefinekeys/kvdefinekeys.sty
Package: kvdefinekeys 2019-12-19 v1.6 Define keys (HO)
)) (c:/texlive/2021/texmf-dist/tex/latex/kvoptions/kvoptions.sty
Package: kvoptions 2020-10-07 v3.14 Key value format for package options (HO)
 (c:/texlive/2021/texmf-dist/tex/generic/ltxcmds/ltxcmds.sty
Package: ltxcmds 2020-05-10 v1.25 LaTeX kernel commands for general use (HO)
) (c:/texlive/2021/texmf-dist/tex/generic/kvsetkeys/kvsetkeys.sty
Package: kvsetkeys 2019/12/15 v1.18 Key value parser (HO)
)) (c:/texlive/2021/texmf-dist/tex/generic/pdftexcmds/pdftexcmds.sty
Package: pdftexcmds 2020-06-27 v0.33 Utility functions of pdfTeX for LuaTeX (HO)
Package pdftexcmds Info: \pdf@primitive is available.
Package pdftexcmds Info: \pdf@ifprimitive is available.
Package pdftexcmds Info: \pdfdraftmode found.
) (c:/texlive/2021/texmf-dist/tex/latex/epstopdf-pkg/epstopdf-base.sty
Package: epstopdf-base 2020-01-24 v2.11 Base part for package epstopdf
Package epstopdf-base Info: Redefining graphics rule for `.eps' on input line 485.
Package grfext Info: Graphics extension search list:
(grfext)             [.pdf,.png,.jpg,.mps,.jpeg,.jbig2,.jb2,.PDF,.PNG,.JPG,.JPEG,.JBIG2,.JB2,.eps]
(grfext)             \AppendGraphicsExtensions on input line 504.
 (c:/texlive/2021/texmf-dist/tex/latex/latexconfig/epstopdf-sys.cfg
File: epstopdf-sys.cfg 2010/07/13 v1.3 Configuration of (r)epstopdf for TeX Live
))) (c:/texlive/2021/texmf-dist/tex/latex/float/float.sty
Package: float 2001/11/08 v1.3d Float enhancements (AL)
\c@float@type=\count345
\float@exts=\toks39
\float@box=\box117
\@float@everytoks=\toks40
\@floatcapt=\box118
) (c:/texlive/2021/texmf-dist/tex/latex/cite/cite.sty
LaTeX Info: Redefining \cite on input line 302.
LaTeX Info: Redefining \nocite on input line 332.
Package: cite 2015/02/27  v 5.5
) (c:/texlive/2021/texmf-dist/tex/latex/adjustbox/adjustbox.sty
Package: adjustbox 2020/08/19 v1.3 Adjusting TeX boxes (trim, clip, ...)
 (c:/texlive/2021/texmf-dist/tex/latex/xkeyval/xkeyval.sty
Package: xkeyval 2020/11/20 v2.8 package option processing (HA)
 (c:/texlive/2021/texmf-dist/tex/generic/xkeyval/xkeyval.tex (c:/texlive/2021/texmf-dist/tex/generic/xkeyval/xkvutils.tex
\XKV@toks=\toks41
\XKV@tempa@toks=\toks42
)
\XKV@depth=\count346
File: xkeyval.tex 2014/12/03 v2.7a key=value parser (HA)
)) (c:/texlive/2021/texmf-dist/tex/latex/adjustbox/adjcalc.sty
Package: adjcalc 2012/05/16 v1.1 Provides advanced setlength with multiple back-ends (calc, etex, pgfmath)
) (c:/texlive/2021/texmf-dist/tex/latex/adjustbox/trimclip.sty
Package: trimclip 2020/08/19 v1.2 Trim and clip general TeX material
 (c:/texlive/2021/texmf-dist/tex/latex/collectbox/collectbox.sty
Package: collectbox 2012/05/17 v0.4b Collect macro arguments as boxes
\collectedbox=\box119
)
\tc@llx=\dimen285
\tc@lly=\dimen286
\tc@urx=\dimen287
\tc@ury=\dimen288
Package trimclip Info: Using driver 'tc-pdftex.def'.
 (c:/texlive/2021/texmf-dist/tex/latex/adjustbox/tc-pdftex.def
File: tc-pdftex.def 2019/01/04 v2.2 Clipping driver for pdftex
))
\adjbox@Width=\dimen289
\adjbox@Height=\dimen290
\adjbox@Depth=\dimen291
\adjbox@Totalheight=\dimen292
\adjbox@pwidth=\dimen293
\adjbox@pheight=\dimen294
\adjbox@pdepth=\dimen295
\adjbox@ptotalheight=\dimen296
 (c:/texlive/2021/texmf-dist/tex/latex/varwidth/varwidth.sty
Package: varwidth 2009/03/30 ver 0.92;  Variable-width minipages
\@vwid@box=\box120
\sift@deathcycles=\count347
\@vwid@loff=\dimen297
\@vwid@roff=\dimen298
)) (c:/texlive/2021/texmf-dist/tex/latex/algorithms/algorithmic.sty
Package: algorithmic 2009/08/24 v0.1 Document Style `algorithmic'
\c@ALC@unique=\count348
\c@ALC@line=\count349
\c@ALC@rem=\count350
\c@ALC@depth=\count351
\ALC@tlm=\skip283
\algorithmicindent=\skip284
) (c:/texlive/2021/texmf-dist/tex/latex/acronym/acronym.sty
Package: acronym 2020/04/17 v1.47 Support for acronyms (Tobias Oetiker)
 (c:/texlive/2021/texmf-dist/tex/latex/bigfoot/suffix.sty
Package: suffix 2006/07/15 1.5a Variant command support
) (c:/texlive/2021/texmf-dist/tex/generic/xstring/xstring.sty (c:/texlive/2021/texmf-dist/tex/generic/xstring/xstring.tex
\integerpart=\count352
\decimalpart=\count353
)
Package: xstring 2021/07/21 v1.84 String manipulations (CT)
)
\AC@clearlist=\toks43
) (c:/texlive/2021/texmf-dist/tex/latex/xltabular/xltabular.sty
Package: xltabular 2020/11/04 v0.2e `xltabular' package (hv,RN)
 (c:/texlive/2021/texmf-dist/tex/latex/ltablex/ltablex.sty
Package: ltablex 2014/08/13 v1.1 Modified tabularx
 (c:/texlive/2021/texmf-dist/tex/latex/tools/longtable.sty
Package: longtable 2021-09-01 v4.17 Multi-page Table package (DPC)
\LTleft=\skip285
\LTright=\skip286
\LTpre=\skip287
\LTpost=\skip288
\LTchunksize=\count354
\LTcapwidth=\dimen299
\LT@head=\box121
\LT@firsthead=\box122
\LT@foot=\box123
\LT@lastfoot=\box124
\LT@gbox=\box125
\LT@cols=\count355
\LT@rows=\count356
\c@LT@tables=\count357
\c@LT@chunks=\count358
\LT@p@ftn=\toks44
))) (c:/texlive/2021/texmf-dist/tex/latex/psnfss/times.sty
Package: times 2020/03/25 PSNFSS-v9.3 (SPQR) 
) (c:/texlive/2021/texmf-dist/tex/latex/tools/hhline.sty
Package: hhline 2020/01/04 v2.04 Table rule package (DPC)
) (c:/texlive/2021/texmf-dist/tex/generic/soul/soul.sty
Package: soul 2003/11/17 v2.4 letterspacing/underlining (mf)
\SOUL@word=\toks45
\SOUL@lasttoken=\toks46
\SOUL@cmds=\toks47
\SOUL@buffer=\toks48
\SOUL@token=\toks49
\SOUL@spaceskip=\skip289
\SOUL@ttwidth=\dimen300
\SOUL@uldp=\dimen301
\SOUL@ulht=\dimen302
) (c:/texlive/2021/texmf-dist/tex/latex/colortbl/colortbl.sty
Package: colortbl 2020/01/04 v1.0e Color table columns (DPC)
\everycr=\toks50
\minrowclearance=\skip290
)
(c:/texlive/2021/texmf-dist/tex/latex/graphics/rotating.sty
Package: rotating 2016/08/11 v2.16d rotated objects in LaTeX
\c@r@tfl@t=\count359
\rotFPtop=\skip291
\rotFPbot=\skip292
\rot@float@box=\box126
\rot@mess@toks=\toks51
) (c:/texlive/2021/texmf-dist/tex/latex/fix2col/fix2col.sty
Package: fix2col 2015/11/13 v0.04 Output Routine fixes for two column mode (DPC,FMi)


Package fix2col Warning: Obsolete package: ignored.

) (c:/texlive/2021/texmf-dist/tex/latex/pdflscape/pdflscape.sty
Package: pdflscape 2019/12/05 v0.12 Display of landscape pages in PDF (HO)
 (c:/texlive/2021/texmf-dist/tex/latex/graphics/lscape.sty
Package: lscape 2020/05/28 v3.02 Landscape Pages (DPC)
)
Package pdflscape Info: Auto-detected driver: pdftex on input line 81.
) (c:/texlive/2021/texmf-dist/tex/latex/pdfpages/pdfpages.sty
Package: pdfpages 2021/03/06 v0.5t Insert pages of external PDF documents (AM)
 (c:/texlive/2021/texmf-dist/tex/latex/eso-pic/eso-pic.sty
Package: eso-pic 2020/10/14 v3.0a eso-pic (RN)
\ESO@tempdima=\dimen303
\ESO@tempdimb=\dimen304
)
\AM@pagewidth=\dimen305
\AM@pageheight=\dimen306
\AM@fboxrule=\dimen307
 (c:/texlive/2021/texmf-dist/tex/latex/pdfpages/pppdftex.def
File: pppdftex.def 2021/03/06 v0.5t Pdfpages driver for pdfTeX (AM)
)
\pdfpages@includegraphics@status=\count360
\AM@pagebox=\box127
\AM@global@opts=\toks52
\AM@pagecnt=\count361
\AM@toc@title=\toks53
\c@AM@survey=\count362
\AM@templatesizebox=\box128
) (c:/texlive/2021/texmf-dist/tex/latex/stmaryrd/stmaryrd.sty
Package: stmaryrd 1994/03/03 St Mary's Road symbol package
\symstmry=\mathgroup8
LaTeX Font Info:    Overwriting symbol font `stmry' in version `bold'
(Font)                  U/stmry/m/n --> U/stmry/b/n on input line 89.
) (c:/texlive/2021/texmf-dist/tex/latex/bbm-macros/bbm.sty
Package: bbm 1999/03/15 V 1.2 provides fonts for set symbols - TH
LaTeX Font Info:    Overwriting math alphabet `\mathbbm' in version `bold'
(Font)                  U/bbm/m/n --> U/bbm/bx/n on input line 33.
LaTeX Font Info:    Overwriting math alphabet `\mathbbmss' in version `bold'
(Font)                  U/bbmss/m/n --> U/bbmss/bx/n on input line 35.
) (c:/texlive/2021/texmf-dist/tex/latex/l3packages/xfrac/xfrac.sty (c:/texlive/2021/texmf-dist/tex/latex/l3kernel/expl3.sty
Package: expl3 2021-11-22 L3 programming layer (loader) 
 (c:/texlive/2021/texmf-dist/tex/latex/l3backend/l3backend-pdftex.def
File: l3backend-pdftex.def 2021-10-18 L3 backend support: PDF output (pdfTeX)
\l__color_backend_stack_int=\count363
\l__pdf_internal_box=\box129
)) (c:/texlive/2021/texmf-dist/tex/latex/l3packages/l3keys2e/l3keys2e.sty
Package: l3keys2e 2021-11-12 LaTeX2e option processing using LaTeX3 keys
) (c:/texlive/2021/texmf-dist/tex/latex/l3packages/xparse/xparse.sty
Package: xparse 2021-11-12 L3 Experimental document command parser
) (c:/texlive/2021/texmf-dist/tex/latex/l3packages/xtemplate/xtemplate.sty
Package: xtemplate 2021-11-12 L3 Experimental prototype document functions
\l__xtemplate_tmp_dim=\dimen308
\l__xtemplate_tmp_int=\count364
\l__xtemplate_tmp_muskip=\muskip17
\l__xtemplate_tmp_skip=\skip293
)
Package: xfrac 2021-11-12 L3 Experimental split-level fractions
\l__xfrac_slash_box=\box130
\l__xfrac_tmp_box=\box131
\l__xfrac_denominator_bot_sep_dim=\dimen309
\l__xfrac_numerator_bot_sep_dim=\dimen310
\l__xfrac_numerator_top_sep_dim=\dimen311
\l__xfrac_slash_left_sep_dim=\dimen312
\l__xfrac_slash_right_sep_dim=\dimen313
\l__xfrac_slash_left_muskip=\muskip18
\l__xfrac_slash_right_muskip=\muskip19

Package xtemplate Info: Declaring object type 'xfrac' taking 3 argument(s) on
(xtemplate)             line 80.

) (c:/texlive/2021/texmf-dist/tex/latex/natbib/bibentry.sty
Package: bibentry 2007/10/30 1.5 (PWD)
) (c:/texlive/2021/texmf-dist/tex/generic/babel/babel.sty
Package: babel 2021/11/29 3.67 The Babel package
\babel@savecnt=\count365
\U@D=\dimen314
\l@unhyphenated=\language87

(c:/texlive/2021/texmf-dist/tex/generic/babel/txtbabel.def)
\bbl@readstream=\read3
\bbl@dirlevel=\count366
 (c:/texlive/2021/texmf-dist/tex/generic/babel-english/english.ldf
Language: english 2017/06/06 v3.3r English support from the babel system
Package babel Info: Hyphen rules for 'canadian' set to \l@english
(babel)             (\language0). Reported on input line 102.
Package babel Info: Hyphen rules for 'australian' set to \l@ukenglish
(babel)             (\language21). Reported on input line 105.
Package babel Info: Hyphen rules for 'newzealand' set to \l@ukenglish
(babel)             (\language21). Reported on input line 108.
)) (c:/texlive/2021/texmf-dist/tex/latex/pgf/frontendlayer/tikz.sty (c:/texlive/2021/texmf-dist/tex/latex/pgf/basiclayer/pgf.sty (c:/texlive/2021/texmf-dist/tex/latex/pgf/utilities/pgfrcs.sty (c:/texlive/2021/texmf-dist/tex/generic/pgf/utilities/pgfutil-common.tex
\pgfutil@everybye=\toks54
\pgfutil@tempdima=\dimen315
\pgfutil@tempdimb=\dimen316
 (c:/texlive/2021/texmf-dist/tex/generic/pgf/utilities/pgfutil-common-lists.tex)) (c:/texlive/2021/texmf-dist/tex/generic/pgf/utilities/pgfutil-latex.def
\pgfutil@abb=\box132
) (c:/texlive/2021/texmf-dist/tex/generic/pgf/utilities/pgfrcs.code.tex (c:/texlive/2021/texmf-dist/tex/generic/pgf/pgf.revision.tex)
Package: pgfrcs 2021/05/15 v3.1.9a (3.1.9a)
))
Package: pgf 2021/05/15 v3.1.9a (3.1.9a)
 (c:/texlive/2021/texmf-dist/tex/latex/pgf/basiclayer/pgfcore.sty (c:/texlive/2021/texmf-dist/tex/latex/pgf/systemlayer/pgfsys.sty (c:/texlive/2021/texmf-dist/tex/generic/pgf/systemlayer/pgfsys.code.tex
Package: pgfsys 2021/05/15 v3.1.9a (3.1.9a)
 (c:/texlive/2021/texmf-dist/tex/generic/pgf/utilities/pgfkeys.code.tex
\pgfkeys@pathtoks=\toks55
\pgfkeys@temptoks=\toks56

(c:/texlive/2021/texmf-dist/tex/generic/pgf/utilities/pgfkeysfiltered.code.tex
\pgfkeys@tmptoks=\toks57
))
\pgf@x=\dimen317
\pgf@y=\dimen318
\pgf@xa=\dimen319
\pgf@ya=\dimen320
\pgf@xb=\dimen321
\pgf@yb=\dimen322
\pgf@xc=\dimen323
\pgf@yc=\dimen324
\pgf@xd=\dimen325
\pgf@yd=\dimen326
\w@pgf@writea=\write5
\r@pgf@reada=\read4
\c@pgf@counta=\count367
\c@pgf@countb=\count368
\c@pgf@countc=\count369
\c@pgf@countd=\count370
\t@pgf@toka=\toks58
\t@pgf@tokb=\toks59
\t@pgf@tokc=\toks60
\pgf@sys@id@count=\count371
 (c:/texlive/2021/texmf-dist/tex/generic/pgf/systemlayer/pgf.cfg
File: pgf.cfg 2021/05/15 v3.1.9a (3.1.9a)
)
Driver file for pgf: pgfsys-pdftex.def
 (c:/texlive/2021/texmf-dist/tex/generic/pgf/systemlayer/pgfsys-pdftex.def
File: pgfsys-pdftex.def 2021/05/15 v3.1.9a (3.1.9a)
 (c:/texlive/2021/texmf-dist/tex/generic/pgf/systemlayer/pgfsys-common-pdf.def
File: pgfsys-common-pdf.def 2021/05/15 v3.1.9a (3.1.9a)
))) (c:/texlive/2021/texmf-dist/tex/generic/pgf/systemlayer/pgfsyssoftpath.code.tex
File: pgfsyssoftpath.code.tex 2021/05/15 v3.1.9a (3.1.9a)
\pgfsyssoftpath@smallbuffer@items=\count372
\pgfsyssoftpath@bigbuffer@items=\count373
) (c:/texlive/2021/texmf-dist/tex/generic/pgf/systemlayer/pgfsysprotocol.code.tex
File: pgfsysprotocol.code.tex 2021/05/15 v3.1.9a (3.1.9a)
)) (c:/texlive/2021/texmf-dist/tex/generic/pgf/basiclayer/pgfcore.code.tex
Package: pgfcore 2021/05/15 v3.1.9a (3.1.9a)
 (c:/texlive/2021/texmf-dist/tex/generic/pgf/math/pgfmath.code.tex (c:/texlive/2021/texmf-dist/tex/generic/pgf/math/pgfmathcalc.code.tex (c:/texlive/2021/texmf-dist/tex/generic/pgf/math/pgfmathutil.code.tex) (c:/texlive/2021/texmf-dist/tex/generic/pgf/math/pgfmathparser.code.tex
\pgfmath@dimen=\dimen327
\pgfmath@count=\count374
\pgfmath@box=\box133
\pgfmath@toks=\toks61
\pgfmath@stack@operand=\toks62
\pgfmath@stack@operation=\toks63
) (c:/texlive/2021/texmf-dist/tex/generic/pgf/math/pgfmathfunctions.code.tex (c:/texlive/2021/texmf-dist/tex/generic/pgf/math/pgfmathfunctions.basic.code.tex)
(c:/texlive/2021/texmf-dist/tex/generic/pgf/math/pgfmathfunctions.trigonometric.code.tex) (c:/texlive/2021/texmf-dist/tex/generic/pgf/math/pgfmathfunctions.random.code.tex) (c:/texlive/2021/texmf-dist/tex/generic/pgf/math/pgfmathfunctions.comparison.code.tex) (c:/texlive/2021/texmf-dist/tex/generic/pgf/math/pgfmathfunctions.base.code.tex) (c:/texlive/2021/texmf-dist/tex/generic/pgf/math/pgfmathfunctions.round.code.tex) (c:/texlive/2021/texmf-dist/tex/generic/pgf/math/pgfmathfunctions.misc.code.tex) (c:/texlive/2021/texmf-dist/tex/generic/pgf/math/pgfmathfunctions.integerarithmetics.code.tex))) (c:/texlive/2021/texmf-dist/tex/generic/pgf/math/pgfmathfloat.code.tex
\c@pgfmathroundto@lastzeros=\count375
)) (c:/texlive/2021/texmf-dist/tex/generic/pgf/math/pgfint.code.tex) (c:/texlive/2021/texmf-dist/tex/generic/pgf/basiclayer/pgfcorepoints.code.tex
File: pgfcorepoints.code.tex 2021/05/15 v3.1.9a (3.1.9a)
\pgf@picminx=\dimen328
\pgf@picmaxx=\dimen329
\pgf@picminy=\dimen330
\pgf@picmaxy=\dimen331
\pgf@pathminx=\dimen332
\pgf@pathmaxx=\dimen333
\pgf@pathminy=\dimen334
\pgf@pathmaxy=\dimen335
\pgf@xx=\dimen336
\pgf@xy=\dimen337
\pgf@yx=\dimen338
\pgf@yy=\dimen339
\pgf@zx=\dimen340
\pgf@zy=\dimen341
) (c:/texlive/2021/texmf-dist/tex/generic/pgf/basiclayer/pgfcorepathconstruct.code.tex
File: pgfcorepathconstruct.code.tex 2021/05/15 v3.1.9a (3.1.9a)
\pgf@path@lastx=\dimen342
\pgf@path@lasty=\dimen343
) (c:/texlive/2021/texmf-dist/tex/generic/pgf/basiclayer/pgfcorepathusage.code.tex
File: pgfcorepathusage.code.tex 2021/05/15 v3.1.9a (3.1.9a)
\pgf@shorten@end@additional=\dimen344
\pgf@shorten@start@additional=\dimen345
)
(c:/texlive/2021/texmf-dist/tex/generic/pgf/basiclayer/pgfcorescopes.code.tex
File: pgfcorescopes.code.tex 2021/05/15 v3.1.9a (3.1.9a)
\pgfpic=\box134
\pgf@hbox=\box135
\pgf@layerbox@main=\box136
\pgf@picture@serial@count=\count376
) (c:/texlive/2021/texmf-dist/tex/generic/pgf/basiclayer/pgfcoregraphicstate.code.tex
File: pgfcoregraphicstate.code.tex 2021/05/15 v3.1.9a (3.1.9a)
\pgflinewidth=\dimen346
) (c:/texlive/2021/texmf-dist/tex/generic/pgf/basiclayer/pgfcoretransformations.code.tex
File: pgfcoretransformations.code.tex 2021/05/15 v3.1.9a (3.1.9a)
\pgf@pt@x=\dimen347
\pgf@pt@y=\dimen348
\pgf@pt@temp=\dimen349
) (c:/texlive/2021/texmf-dist/tex/generic/pgf/basiclayer/pgfcorequick.code.tex
File: pgfcorequick.code.tex 2021/05/15 v3.1.9a (3.1.9a)
) (c:/texlive/2021/texmf-dist/tex/generic/pgf/basiclayer/pgfcoreobjects.code.tex
File: pgfcoreobjects.code.tex 2021/05/15 v3.1.9a (3.1.9a)
) (c:/texlive/2021/texmf-dist/tex/generic/pgf/basiclayer/pgfcorepathprocessing.code.tex
File: pgfcorepathprocessing.code.tex 2021/05/15 v3.1.9a (3.1.9a)
) (c:/texlive/2021/texmf-dist/tex/generic/pgf/basiclayer/pgfcorearrows.code.tex
File: pgfcorearrows.code.tex 2021/05/15 v3.1.9a (3.1.9a)
\pgfarrowsep=\dimen350
) (c:/texlive/2021/texmf-dist/tex/generic/pgf/basiclayer/pgfcoreshade.code.tex
File: pgfcoreshade.code.tex 2021/05/15 v3.1.9a (3.1.9a)
\pgf@max=\dimen351
\pgf@sys@shading@range@num=\count377
\pgf@shadingcount=\count378
) (c:/texlive/2021/texmf-dist/tex/generic/pgf/basiclayer/pgfcoreimage.code.tex
File: pgfcoreimage.code.tex 2021/05/15 v3.1.9a (3.1.9a)
 (c:/texlive/2021/texmf-dist/tex/generic/pgf/basiclayer/pgfcoreexternal.code.tex
File: pgfcoreexternal.code.tex 2021/05/15 v3.1.9a (3.1.9a)
\pgfexternal@startupbox=\box137
)) (c:/texlive/2021/texmf-dist/tex/generic/pgf/basiclayer/pgfcorelayers.code.tex
File: pgfcorelayers.code.tex 2021/05/15 v3.1.9a (3.1.9a)
) (c:/texlive/2021/texmf-dist/tex/generic/pgf/basiclayer/pgfcoretransparency.code.tex
File: pgfcoretransparency.code.tex 2021/05/15 v3.1.9a (3.1.9a)
)
(c:/texlive/2021/texmf-dist/tex/generic/pgf/basiclayer/pgfcorepatterns.code.tex
File: pgfcorepatterns.code.tex 2021/05/15 v3.1.9a (3.1.9a)
) (c:/texlive/2021/texmf-dist/tex/generic/pgf/basiclayer/pgfcorerdf.code.tex
File: pgfcorerdf.code.tex 2021/05/15 v3.1.9a (3.1.9a)
))) (c:/texlive/2021/texmf-dist/tex/generic/pgf/modules/pgfmoduleshapes.code.tex
File: pgfmoduleshapes.code.tex 2021/05/15 v3.1.9a (3.1.9a)
\pgfnodeparttextbox=\box138
) (c:/texlive/2021/texmf-dist/tex/generic/pgf/modules/pgfmoduleplot.code.tex
File: pgfmoduleplot.code.tex 2021/05/15 v3.1.9a (3.1.9a)
) (c:/texlive/2021/texmf-dist/tex/latex/pgf/compatibility/pgfcomp-version-0-65.sty
Package: pgfcomp-version-0-65 2021/05/15 v3.1.9a (3.1.9a)
\pgf@nodesepstart=\dimen352
\pgf@nodesepend=\dimen353
) (c:/texlive/2021/texmf-dist/tex/latex/pgf/compatibility/pgfcomp-version-1-18.sty
Package: pgfcomp-version-1-18 2021/05/15 v3.1.9a (3.1.9a)
)) (c:/texlive/2021/texmf-dist/tex/latex/pgf/utilities/pgffor.sty (c:/texlive/2021/texmf-dist/tex/latex/pgf/utilities/pgfkeys.sty (c:/texlive/2021/texmf-dist/tex/generic/pgf/utilities/pgfkeys.code.tex)) (c:/texlive/2021/texmf-dist/tex/latex/pgf/math/pgfmath.sty (c:/texlive/2021/texmf-dist/tex/generic/pgf/math/pgfmath.code.tex)) (c:/texlive/2021/texmf-dist/tex/generic/pgf/utilities/pgffor.code.tex
Package: pgffor 2021/05/15 v3.1.9a (3.1.9a)
 (c:/texlive/2021/texmf-dist/tex/generic/pgf/math/pgfmath.code.tex)
\pgffor@iter=\dimen354
\pgffor@skip=\dimen355
\pgffor@stack=\toks64
\pgffor@toks=\toks65
))
(c:/texlive/2021/texmf-dist/tex/generic/pgf/frontendlayer/tikz/tikz.code.tex
Package: tikz 2021/05/15 v3.1.9a (3.1.9a)
 (c:/texlive/2021/texmf-dist/tex/generic/pgf/libraries/pgflibraryplothandlers.code.tex
File: pgflibraryplothandlers.code.tex 2021/05/15 v3.1.9a (3.1.9a)
\pgf@plot@mark@count=\count379
\pgfplotmarksize=\dimen356
)
\tikz@lastx=\dimen357
\tikz@lasty=\dimen358
\tikz@lastxsaved=\dimen359
\tikz@lastysaved=\dimen360
\tikz@lastmovetox=\dimen361
\tikz@lastmovetoy=\dimen362
\tikzleveldistance=\dimen363
\tikzsiblingdistance=\dimen364
\tikz@figbox=\box139
\tikz@figbox@bg=\box140
\tikz@tempbox=\box141
\tikz@tempbox@bg=\box142
\tikztreelevel=\count380
\tikznumberofchildren=\count381
\tikznumberofcurrentchild=\count382
\tikz@fig@count=\count383
 (c:/texlive/2021/texmf-dist/tex/generic/pgf/modules/pgfmodulematrix.code.tex
File: pgfmodulematrix.code.tex 2021/05/15 v3.1.9a (3.1.9a)
\pgfmatrixcurrentrow=\count384
\pgfmatrixcurrentcolumn=\count385
\pgf@matrix@numberofcolumns=\count386
)
\tikz@expandcount=\count387
 (c:/texlive/2021/texmf-dist/tex/generic/pgf/frontendlayer/tikz/libraries/tikzlibrarytopaths.code.tex
File: tikzlibrarytopaths.code.tex 2021/05/15 v3.1.9a (3.1.9a)
))) (c:/texlive/2021/texmf-dist/tex/latex/hyperref/hyperref.sty
Package: hyperref 2021-06-07 v7.00m Hypertext links for LaTeX
 (c:/texlive/2021/texmf-dist/tex/generic/pdfescape/pdfescape.sty
Package: pdfescape 2019/12/09 v1.15 Implements pdfTeX's escape features (HO)
) (c:/texlive/2021/texmf-dist/tex/latex/hycolor/hycolor.sty
Package: hycolor 2020-01-27 v1.10 Color options for hyperref/bookmark (HO)
) (c:/texlive/2021/texmf-dist/tex/latex/letltxmacro/letltxmacro.sty
Package: letltxmacro 2019/12/03 v1.6 Let assignment for LaTeX macros (HO)
) (c:/texlive/2021/texmf-dist/tex/latex/auxhook/auxhook.sty
Package: auxhook 2019-12-17 v1.6 Hooks for auxiliary files (HO)
)
\@linkdim=\dimen365
\Hy@linkcounter=\count388
\Hy@pagecounter=\count389
 (c:/texlive/2021/texmf-dist/tex/latex/hyperref/pd1enc.def
File: pd1enc.def 2021-06-07 v7.00m Hyperref: PDFDocEncoding definition (HO)
Now handling font encoding PD1 ...
... no UTF-8 mapping file for font encoding PD1
) (c:/texlive/2021/texmf-dist/tex/latex/hyperref/hyperref-langpatches.def
File: hyperref-langpatches.def 2021-06-07 v7.00m Hyperref: patches for babel languages
) (c:/texlive/2021/texmf-dist/tex/generic/intcalc/intcalc.sty
Package: intcalc 2019/12/15 v1.3 Expandable calculations with integers (HO)
) (c:/texlive/2021/texmf-dist/tex/generic/etexcmds/etexcmds.sty
Package: etexcmds 2019/12/15 v1.7 Avoid name clashes with e-TeX commands (HO)
)
\Hy@SavedSpaceFactor=\count390
 (c:/texlive/2021/texmf-dist/tex/latex/hyperref/puenc.def
File: puenc.def 2021-06-07 v7.00m Hyperref: PDF Unicode definition (HO)
Now handling font encoding PU ...
... no UTF-8 mapping file for font encoding PU
)
Package hyperref Info: Option `colorlinks' set `true' on input line 4073.
Package hyperref Info: Hyper figures OFF on input line 4192.
Package hyperref Info: Link nesting OFF on input line 4197.
Package hyperref Info: Hyper index ON on input line 4200.
Package hyperref Info: Plain pages OFF on input line 4207.
Package hyperref Info: Backreferencing OFF on input line 4212.
Package hyperref Info: Implicit mode ON; LaTeX internals redefined.
Package hyperref Info: Bookmarks ON on input line 4445.
\c@Hy@tempcnt=\count391

(c:/texlive/2021/texmf-dist/tex/latex/url/url.sty
\Urlmuskip=\muskip20
Package: url 2013/09/16  ver 3.4  Verb mode for urls, etc.
)
LaTeX Info: Redefining \url on input line 4804.
\XeTeXLinkMargin=\dimen366
 (c:/texlive/2021/texmf-dist/tex/generic/bitset/bitset.sty
Package: bitset 2019/12/09 v1.3 Handle bit-vector datatype (HO)
 (c:/texlive/2021/texmf-dist/tex/generic/bigintcalc/bigintcalc.sty
Package: bigintcalc 2019/12/15 v1.5 Expandable calculations on big integers (HO)
))
\Fld@menulength=\count392
\Field@Width=\dimen367
\Fld@charsize=\dimen368
Package hyperref Info: Hyper figures OFF on input line 6076.
Package hyperref Info: Link nesting OFF on input line 6081.
Package hyperref Info: Hyper index ON on input line 6084.
Package hyperref Info: backreferencing OFF on input line 6091.
Package hyperref Info: Link coloring ON on input line 6094.
Package hyperref Info: Link coloring with OCG OFF on input line 6101.
Package hyperref Info: PDF/A mode OFF on input line 6106.
LaTeX Info: Redefining \ref on input line 6146.
LaTeX Info: Redefining \pageref on input line 6150.
 (c:/texlive/2021/texmf-dist/tex/latex/base/atbegshi-ltx.sty
Package: atbegshi-ltx 2021/01/10 v1.0c Emulation of the original atbegshi
package with kernel methods
)
\Hy@abspage=\count393
\c@Item=\count394
\c@Hfootnote=\count395
) (c:/texlive/2021/texmf-dist/tex/latex/memoir/memhfixc.sty
Package: memhfixc 2021/06/16 v1.19 nameref/hyperref package fixes for memoir class


LaTeX hooks Warning: Generic hook 'package/after/nameref' is deprecated.
(hooks)              Use hook 'package/nameref/after' instead.

\c@memhycontfloat=\count396
\c@Hpagenote=\count397

LaTeX hooks Warning: Generic hook 'package/after/hypcap' is deprecated.
(hooks)              Use hook 'package/hypcap/after' instead.

)
Package hyperref Info: Driver (autodetected): hpdftex.
 (c:/texlive/2021/texmf-dist/tex/latex/hyperref/hpdftex.def
File: hpdftex.def 2021-06-07 v7.00m Hyperref driver for pdfTeX
 (c:/texlive/2021/texmf-dist/tex/latex/base/atveryend-ltx.sty
Package: atveryend-ltx 2020/08/19 v1.0a Emulation of the original atveryend package
with kernel methods
)
\Fld@listcount=\count398
\c@bookmark@seq@number=\count399
 (c:/texlive/2021/texmf-dist/tex/latex/rerunfilecheck/rerunfilecheck.sty
Package: rerunfilecheck 2019/12/05 v1.9 Rerun checks for auxiliary files (HO)
 (c:/texlive/2021/texmf-dist/tex/generic/uniquecounter/uniquecounter.sty
Package: uniquecounter 2019/12/15 v1.4 Provide unlimited unique counter (HO)
)
Package uniquecounter Info: New unique counter `rerunfilecheck' on input line 286.
)
\Hy@SectionHShift=\skip294
) (c:/texlive/2021/texmf-dist/tex/latex/listings/listings.sty
\lst@mode=\count400
\lst@gtempboxa=\box143
\lst@token=\toks66
\lst@length=\count401
\lst@currlwidth=\dimen369
\lst@column=\count402
\lst@pos=\count403
\lst@lostspace=\dimen370
\lst@width=\dimen371
\lst@newlines=\count404
\lst@lineno=\count405
\lst@maxwidth=\dimen372
 (c:/texlive/2021/texmf-dist/tex/latex/listings/lstmisc.sty
File: lstmisc.sty 2020/03/24 1.8d (Carsten Heinz)
\c@lstnumber=\count406
\lst@skipnumbers=\count407
\lst@framebox=\box144
) (c:/texlive/2021/texmf-dist/tex/latex/listings/listings.cfg
File: listings.cfg 2020/03/24 1.8d listings configuration
))
Package: listings 2020/03/24 1.8d (Carsten Heinz)
 (c:/texlive/2021/texmf-dist/tex/latex/lstaddons/lstautogobble.sty
Package: lstautogobble 2012/05/03 v0.1 Implements 'autogobble' option for 'listings'
\lstag@spacecount=\count408
) (c:/texlive/2021/texmf-dist/tex/latex/sourcecodepro/sourcecodepro.sty
Package: sourcecodepro 2018/01/13 v2.7 Adobe's Source Code Pro typeface
 (c:/texlive/2021/texmf-dist/tex/generic/iftex/ifxetex.sty
Package: ifxetex 2019/10/25 v0.7 ifxetex legacy package. Use iftex instead.
) (c:/texlive/2021/texmf-dist/tex/generic/iftex/ifluatex.sty
Package: ifluatex 2019/10/25 v1.5 ifluatex legacy package. Use iftex instead.
) (c:/texlive/2021/texmf-dist/tex/latex/base/fontenc.sty
Package: fontenc 2021/04/29 v2.0v Standard LaTeX package
 (c:/texlive/2021/texmf-dist/tex/latex/ly1/ly1enc.def
File: ly1enc.def 2009/07/22 v0.7 TeX 'n ANSI encoding (DPC/KB)
Now handling font encoding LY1 ...
... processing UTF-8 mapping file for font encoding LY1
 (c:/texlive/2021/texmf-dist/tex/latex/base/ly1enc.dfu
File: ly1enc.dfu 2021/06/21 v1.2n UTF-8 support
   defining Unicode char U+00A0 (decimal 160)
   defining Unicode char U+00A1 (decimal 161)
   defining Unicode char U+00A2 (decimal 162)
   defining Unicode char U+00A3 (decimal 163)
   defining Unicode char U+00A4 (decimal 164)
   defining Unicode char U+00A5 (decimal 165)
   defining Unicode char U+00A6 (decimal 166)
   defining Unicode char U+00A7 (decimal 167)
   defining Unicode char U+00AA (decimal 170)
   defining Unicode char U+00AB (decimal 171)
   defining Unicode char U+00AD (decimal 173)
   defining Unicode char U+00AE (decimal 174)
   defining Unicode char U+00B0 (decimal 176)
   defining Unicode char U+00B5 (decimal 181)
   defining Unicode char U+00B6 (decimal 182)
   defining Unicode char U+00B7 (decimal 183)
   defining Unicode char U+00BA (decimal 186)
   defining Unicode char U+00BB (decimal 187)
   defining Unicode char U+00BC (decimal 188)
   defining Unicode char U+00BD (decimal 189)
   defining Unicode char U+00BE (decimal 190)
   defining Unicode char U+00BF (decimal 191)
   defining Unicode char U+00C0 (decimal 192)
   defining Unicode char U+00C1 (decimal 193)
   defining Unicode char U+00C2 (decimal 194)
   defining Unicode char U+00C3 (decimal 195)
   defining Unicode char U+00C4 (decimal 196)
   defining Unicode char U+00C5 (decimal 197)
   defining Unicode char U+00C6 (decimal 198)
   defining Unicode char U+00C7 (decimal 199)
   defining Unicode char U+00C8 (decimal 200)
   defining Unicode char U+00C9 (decimal 201)
   defining Unicode char U+00CA (decimal 202)
   defining Unicode char U+00CB (decimal 203)
   defining Unicode char U+00CC (decimal 204)
   defining Unicode char U+00CD (decimal 205)
   defining Unicode char U+00CE (decimal 206)
   defining Unicode char U+00CF (decimal 207)
   defining Unicode char U+00D0 (decimal 208)
   defining Unicode char U+00D1 (decimal 209)
   defining Unicode char U+00D2 (decimal 210)
   defining Unicode char U+00D3 (decimal 211)
   defining Unicode char U+00D4 (decimal 212)
   defining Unicode char U+00D5 (decimal 213)
   defining Unicode char U+00D6 (decimal 214)
   defining Unicode char U+00D8 (decimal 216)
   defining Unicode char U+00D9 (decimal 217)
   defining Unicode char U+00DA (decimal 218)
   defining Unicode char U+00DB (decimal 219)
   defining Unicode char U+00DC (decimal 220)
   defining Unicode char U+00DD (decimal 221)
   defining Unicode char U+00DE (decimal 222)
   defining Unicode char U+00DF (decimal 223)
   defining Unicode char U+00E0 (decimal 224)
   defining Unicode char U+00E1 (decimal 225)
   defining Unicode char U+00E2 (decimal 226)
   defining Unicode char U+00E3 (decimal 227)
   defining Unicode char U+00E4 (decimal 228)
   defining Unicode char U+00E5 (decimal 229)
   defining Unicode char U+00E6 (decimal 230)
   defining Unicode char U+00E7 (decimal 231)
   defining Unicode char U+00E8 (decimal 232)
   defining Unicode char U+00E9 (decimal 233)
   defining Unicode char U+00EA (decimal 234)
   defining Unicode char U+00EB (decimal 235)
   defining Unicode char U+00EC (decimal 236)
   defining Unicode char U+00ED (decimal 237)
   defining Unicode char U+00EE (decimal 238)
   defining Unicode char U+00EF (decimal 239)
   defining Unicode char U+00F0 (decimal 240)
   defining Unicode char U+00F1 (decimal 241)
   defining Unicode char U+00F2 (decimal 242)
   defining Unicode char U+00F3 (decimal 243)
   defining Unicode char U+00F4 (decimal 244)
   defining Unicode char U+00F5 (decimal 245)
   defining Unicode char U+00F6 (decimal 246)
   defining Unicode char U+00F8 (decimal 248)
   defining Unicode char U+00F9 (decimal 249)
   defining Unicode char U+00FA (decimal 250)
   defining Unicode char U+00FB (decimal 251)
   defining Unicode char U+00FC (decimal 252)
   defining Unicode char U+00FD (decimal 253)
   defining Unicode char U+00FE (decimal 254)
   defining Unicode char U+00FF (decimal 255)
   defining Unicode char U+0131 (decimal 305)
   defining Unicode char U+0141 (decimal 321)
   defining Unicode char U+0142 (decimal 322)
   defining Unicode char U+0152 (decimal 338)
   defining Unicode char U+0153 (decimal 339)
   defining Unicode char U+0160 (decimal 352)
   defining Unicode char U+0161 (decimal 353)
   defining Unicode char U+0174 (decimal 372)
   defining Unicode char U+0175 (decimal 373)
   defining Unicode char U+0176 (decimal 374)
   defining Unicode char U+0177 (decimal 375)
   defining Unicode char U+0178 (decimal 376)
   defining Unicode char U+017D (decimal 381)
   defining Unicode char U+017E (decimal 382)
   defining Unicode char U+0192 (decimal 402)
   defining Unicode char U+0218 (decimal 536)
   defining Unicode char U+0219 (decimal 537)
   defining Unicode char U+021A (decimal 538)
   defining Unicode char U+021B (decimal 539)
   defining Unicode char U+0237 (decimal 567)
   defining Unicode char U+02C6 (decimal 710)
   defining Unicode char U+02DC (decimal 732)
   defining Unicode char U+2013 (decimal 8211)
   defining Unicode char U+2014 (decimal 8212)
   defining Unicode char U+201C (decimal 8220)
   defining Unicode char U+201D (decimal 8221)
   defining Unicode char U+2020 (decimal 8224)
   defining Unicode char U+2021 (decimal 8225)
   defining Unicode char U+2022 (decimal 8226)
   defining Unicode char U+2026 (decimal 8230)
   defining Unicode char U+2030 (decimal 8240)
   defining Unicode char U+2039 (decimal 8249)
   defining Unicode char U+203A (decimal 8250)
   defining Unicode char U+2122 (decimal 8482)
   defining Unicode char U+FB00 (decimal 64256)
   defining Unicode char U+FB01 (decimal 64257)
   defining Unicode char U+FB02 (decimal 64258)
   defining Unicode char U+FB03 (decimal 64259)
   defining Unicode char U+FB04 (decimal 64260)
   defining Unicode char U+FB05 (decimal 64261)
   defining Unicode char U+FB06 (decimal 64262)
))
LaTeX Font Info:    Trying to load font information for T1+ptm on input line 112.
 (c:/texlive/2021/texmf-dist/tex/latex/psnfss/t1ptm.fd
File: t1ptm.fd 2001/06/04 font definitions for T1/ptm.
))){c:/texlive/2021/texmf-var/fonts/map/pdftex/updmap/pdftex.map}{c:/texlive/2021/texmf-dist/fonts/map/dvips/sourcecodepro/SourceCodePro.map} (c:/texlive/2021/texmf-dist/tex/latex/caption/caption.sty
Package: caption 2020/10/26 v3.5g Customizing captions (AR)
 (c:/texlive/2021/texmf-dist/tex/latex/caption/caption3.sty
Package: caption3 2020/10/21 v2.2e caption3 kernel (AR)
\captionmargin=\dimen373
\captionmargin@=\dimen374
\captionwidth=\dimen375
\caption@tempdima=\dimen376
\caption@indent=\dimen377
\caption@parindent=\dimen378
\caption@hangindent=\dimen379
Package caption Info: memoir document class detected.
 (c:/texlive/2021/texmf-dist/tex/latex/caption/caption-memoir.sto
File: caption-memoir.sto 2020/10/10 v2.1 Adaption of the caption package to the memoir document class (AR)
))
\c@caption@flags=\count409
\c@continuedfloat=\count410
Package caption Info: changepage package is loaded.
\caption@adjustwidth@hsize=\dimen380
\caption@adjustwidth@linewidth=\dimen381
Package caption Info: float package is loaded.
Package caption Info: hyperref package is loaded.
Package caption Info: listings package is loaded.
Package caption Info: longtable package is loaded.
 (c:/texlive/2021/texmf-dist/tex/latex/caption/ltcaption.sty
Package: ltcaption 2020/05/30 v1.4b longtable captions (AR)
)
Package caption Info: rotating package is loaded.
Package caption Info: threeparttable package is loaded.
) (c:/texlive/2021/texmf-dist/tex/latex/subfig/subfig.sty
Package: subfig 2005/06/28 ver: 1.3 subfig package
\c@KVtest=\count411
\sf@farskip=\skip295
\sf@captopadj=\dimen382
\sf@capskip=\skip296
\sf@nearskip=\skip297
\c@subfigure=\count412
\c@subfigure@save=\count413
\c@subtable=\count414
\c@subtable@save=\count415
\sf@top=\skip298
\sf@bottom=\skip299
)) (./milestone1.aux)
\openout1 = `milestone1.aux'.

LaTeX Font Info:    Checking defaults for OML/cmm/m/it on input line 10.
LaTeX Font Info:    ... okay on input line 10.
LaTeX Font Info:    Checking defaults for OMS/cmsy/m/n on input line 10.
LaTeX Font Info:    ... okay on input line 10.
LaTeX Font Info:    Checking defaults for OT1/cmr/m/n on input line 10.
LaTeX Font Info:    ... okay on input line 10.
LaTeX Font Info:    Checking defaults for T1/cmr/m/n on input line 10.
LaTeX Font Info:    ... okay on input line 10.
LaTeX Font Info:    Checking defaults for TS1/cmr/m/n on input line 10.
LaTeX Font Info:    ... okay on input line 10.
LaTeX Font Info:    Checking defaults for OMX/cmex/m/n on input line 10.
LaTeX Font Info:    ... okay on input line 10.
LaTeX Font Info:    Checking defaults for U/cmr/m/n on input line 10.
LaTeX Font Info:    ... okay on input line 10.
LaTeX Font Info:    Checking defaults for PD1/pdf/m/n on input line 10.
LaTeX Font Info:    ... okay on input line 10.
LaTeX Font Info:    Checking defaults for PU/pdf/m/n on input line 10.
LaTeX Font Info:    ... okay on input line 10.
LaTeX Font Info:    Checking defaults for LY1/ptm/m/n on input line 10.
LaTeX Font Info:    Trying to load font information for LY1+ptm on input line 10.
 (c:/texlive/2021/texmf-dist/tex/latex/ly1/ly1ptm.fd
File: ly1ptm.fd 2001/02/01 font definitions for LY1/ptm using Berry names.
)
LaTeX Font Info:    ... okay on input line 10.
 (c:/texlive/2021/texmf-dist/tex/context/base/mkii/supp-pdf.mkii
[Loading MPS to PDF converter (version 2006.09.02).]
\scratchcounter=\count416
\scratchdimen=\dimen383
\scratchbox=\box145
\nofMPsegments=\count417
\nofMParguments=\count418
\everyMPshowfont=\toks67
\MPscratchCnt=\count419
\MPscratchDim=\dimen384
\MPnumerator=\count420
\makeMPintoPDFobject=\count421
\everyMPtoPDFconversion=\toks68
)
\c@minilofdepth=\count422
\c@minilotdepth=\count423
\c@partlofdepth=\count424
\c@partlotdepth=\count425
\c@sectlofdepth=\count426
\c@sectlotdepth=\count427
Package hyperref Info: Link coloring ON on input line 10.
 (c:/texlive/2021/texmf-dist/tex/latex/hyperref/nameref.sty
Package: nameref 2021-04-02 v2.47 Cross-referencing by name of section
 (c:/texlive/2021/texmf-dist/tex/latex/refcount/refcount.sty
Package: refcount 2019/12/15 v3.6 Data extraction from label references (HO)
) (c:/texlive/2021/texmf-dist/tex/generic/gettitlestring/gettitlestring.sty
Package: gettitlestring 2019/12/15 v1.6 Cleanup title references (HO)
)
\c@section@level=\count428
)
Redoing nameref's sectioning
Redoing nameref's label
LaTeX Info: Redefining \nameref on input line 10.
LaTeX Info: Redefining \ref on input line 10.
LaTeX Info: Redefining \pageref on input line 10.
LaTeX Info: Redefining \nameref on input line 10.
(./milestone1.out) (./milestone1.out)
\@outlinefile=\write6
\openout6 = `milestone1.out'.

\c@lstlisting=\count429
Package caption Info: Begin \AtBeginDocument code.
Package caption Info: subfig package v1.3 is loaded.
Package caption Info: End \AtBeginDocument code.
<graphics/swansea.png, id=59, 416.2752pt x 284.7438pt>
File: graphics/swansea.png Graphic file (type png)
<use graphics/swansea.png>
Package pdftex.def Info: graphics/swansea.png  used on input line 33.
(pdftex.def)             Requested size: 247.20251pt x 169.09662pt.
 [1


 <./graphics/swansea.png>] [2

] (./chapter/topic.tex [1



] [2] [3]) (./chapter/requirements.tex [4] (./tables/func_reqs.tex (c:/texlive/2021/texmf-dist/tex/latex/psnfss/ot1ztmcm.fd) (c:/texlive/2021/texmf-dist/tex/latex/psnfss/omlztmcm.fd) (c:/texlive/2021/texmf-dist/tex/latex/psnfss/omsztmcm.fd) (c:/texlive/2021/texmf-dist/tex/latex/psnfss/omxztmcm.fd) (c:/texlive/2021/texmf-dist/tex/latex/psnfss/ot1ptm.fd) (c:/texlive/2021/texmf-dist/tex/latex/stmaryrd/Ustmry.fd) [5

pdfTeX warning (ext4): destination with the same identifier (name{table.2.1}) has been already used, duplicate ignored
<argument> ...shipout:D \box_use:N \l_shipout_box 
                                                  \__shipout_drop_firstpage_...
l.85 	\end{xltabular}
                     ]) (./tables/non_func_reqs.tex
Underfull \vbox (badness 10000) has occurred while \output is active []

 [6] [7pdfTeX warning (ext4): destination with the same identifier (name{table.2.2}) has been already used, duplicate ignored
<argument> ...shipout:D \box_use:N \l_shipout_box 
                                                  \__shipout_drop_firstpage_...
l.85 	\end{xltabular}
                     ])) (./chapter/Specification.tex [8] [9

]) (./chapter/risks.tex [10] (./tables/risk_table.tex
Underfull \hbox (badness 1762) in paragraph at lines 170--170
[]|\T1/ptm/m/n/10 To mit-i-gate against this risk, we have
 []


LaTeX Warning: Reference `chap:schedule' on page 11 undefined on input line 170.


Underfull \hbox (badness 1424) in paragraph at lines 170--170
[]|\T1/ptm/m/n/10 We have at-tempted to ac-count for this
 []


Underfull \hbox (badness 1028) in paragraph at lines 170--170
\T1/ptm/m/n/10 braries and our hard-ware de-vices could
 []

[11

pdfTeX warning (ext4): destination with the same identifier (name{table.4.1}) has been already used, duplicate ignored
<argument> ...shipout:D \box_use:N \l_shipout_box 
                                                  \__shipout_drop_firstpage_...
l.170 \end{xltabular}
                     ] [12] [13]))
Package minitoc Info: I0009
(minitoc)             Listing minitoc auxiliary files. 
(minitoc)             Creating the milestone1.maf file.
\openout4 = `milestone1.maf'.

 [14] (./milestone1.aux)

LaTeX Warning: There were undefined references.

Package rerunfilecheck Info: File `milestone1.out' has not changed.
(rerunfilecheck)             Checksum: A8CC0E1D7A990D02C4CB96A8AB30612C;1869.
 ) 
Here is how much of TeX's memory you used:
 36130 strings out of 478353
 639443 string characters out of 5852101
 999218 words of memory out of 5000000
 53330 multiletter control sequences out of 15000+600000
 445347 words of font info for 79 fonts, out of 8000000 for 9000
 1141 hyphenation exceptions out of 8191
 89i,11n,120p,1981b,617s stack positions out of 5000i,500n,10000p,200000b,80000s
{c:/texlive/2021/texmf-dist/fonts/enc/dvips/base/8r.enc}<c:/texlive/2021/texmf-dist/fonts/type1/urw/times/utmb8a.pfb><c:/texlive/2021/texmf-dist/fonts/type1/urw/times/utmr8a.pfb><c:/texlive/2021/texmf-dist/fonts/type1/urw/times/utmri8a.pfb>
Output written on milestone1.pdf (16 pages, 104788 bytes).
PDF statistics:
 163 PDF objects out of 1000 (max. 8388607)
 135 compressed objects within 2 object streams
 35 named destinations out of 1000 (max. 500000)
 122 words of extra memory for PDF output out of 10000 (max. 10000000)

